Core 0:
  Reads: 1
  Writes: 0
  Miss Rate: 1
  Total Cycles: 100
  Idle Cycles: 0
  Evictions: 0
  Writebacks: 0
Core 1:
  Reads: 1
  Writes: 0
  Miss Rate: 1
  Total Cycles: 117
  Idle Cycles: 101
  Evictions: 0
  Writebacks: 0
Core 2:
  Reads: 1
  Writes: 0
  Miss Rate: 1
  Total Cycles: 134
  Idle Cycles: 118
  Evictions: 0
  Writebacks: 0
Core 3:
  Reads: 1
  Writes: 0
  Miss Rate: 1
  Total Cycles: 235
  Idle Cycles: 135
  Evictions: 0
  Writebacks: 0
Invalidations: 0
Data Traffic (bytes): 128
